21-04-18 11:07:32.079 [kafka-producer-network-thread | producer-1] INFO  org.apache.kafka.clients.Metadata - [Producer clientId=producer-1] Cluster ID: 8IHW5aGzRi-g1zTpcBo8bg
21-04-18 11:07:31.701 [main] INFO  com.kayn.KaynApplicationTests - Starting KaynApplicationTests using Java 1.8.0_201 on DESKTOP-T20LVA9 with PID 26600 (started by Slimshady in P:\Kayn\kayn\kayn-web)
21-04-18 11:07:32.138 [main] INFO  com.kayn.KaynApplicationTests - No active profile set, falling back to default profiles: default
21-04-18 11:07:36.069 [main] INFO  org.springframework.security.web.DefaultSecurityFilterChain - Will secure any request with [org.springframework.security.web.context.request.async.WebAsyncManagerIntegrationFilter@2b877a54, org.springframework.security.web.context.SecurityContextPersistenceFilter@6bcae9, org.springframework.security.web.header.HeaderWriterFilter@25974207, org.springframework.security.web.authentication.logout.LogoutFilter@118acf70, com.kayn.auth.JWTAuthenticationFilter@268c030f, com.kayn.auth.JWTAuthorizationFilter@4b87760e, org.springframework.security.web.savedrequest.RequestCacheAwareFilter@66d25ba9, org.springframework.security.web.servletapi.SecurityContextHolderAwareRequestFilter@266e9dda, org.springframework.security.web.authentication.AnonymousAuthenticationFilter@be164d8, org.springframework.security.web.session.SessionManagementFilter@3ebc955b, org.springframework.security.web.access.ExceptionTranslationFilter@616a06e3, org.springframework.security.web.access.intercept.FilterSecurityInterceptor@4a6c0f38]
21-04-18 11:07:36.725 [main] INFO  org.springframework.scheduling.concurrent.ThreadPoolTaskExecutor - Initializing ExecutorService 'applicationTaskExecutor'
21-04-18 11:07:37.815 [main] INFO  com.kayn.KaynApplicationTests - Started KaynApplicationTests in 7.493 seconds (JVM running for 10.301)
21-04-18 11:07:38.737 [main] INFO  org.apache.spark.SparkContext - Running Spark version 2.3.1
21-04-18 11:07:38.957 [main] WARN  org.apache.hadoop.util.NativeCodeLoader - Unable to load native-hadoop library for your platform... using builtin-java classes where applicable
21-04-18 11:07:39.109 [main] INFO  org.apache.spark.SparkContext - Submitted application: ES2Spark
21-04-18 11:07:39.217 [main] INFO  org.apache.spark.SecurityManager - Changing view acls to: Slimshady
21-04-18 11:07:39.220 [main] INFO  org.apache.spark.SecurityManager - Changing modify acls to: Slimshady
21-04-18 11:07:39.223 [main] INFO  org.apache.spark.SecurityManager - Changing view acls groups to: 
21-04-18 11:07:39.227 [main] INFO  org.apache.spark.SecurityManager - Changing modify acls groups to: 
21-04-18 11:07:39.230 [main] INFO  org.apache.spark.SecurityManager - SecurityManager: authentication disabled; ui acls disabled; users  with view permissions: Set(Slimshady); groups with view permissions: Set(); users  with modify permissions: Set(Slimshady); groups with modify permissions: Set()
21-04-18 11:07:39.579 [main] ERROR org.apache.spark.SparkContext - Error initializing SparkContext.
java.lang.RuntimeException: java.lang.NoSuchFieldException: DEFAULT_TINY_CACHE_SIZE
	at org.apache.spark.network.util.NettyUtils.getPrivateStaticField(NettyUtils.java:131) ~[spark-network-common_2.11-2.3.1.jar:2.3.1]
	at org.apache.spark.network.util.NettyUtils.createPooledByteBufAllocator(NettyUtils.java:118) ~[spark-network-common_2.11-2.3.1.jar:2.3.1]
	at org.apache.spark.network.server.TransportServer.init(TransportServer.java:94) ~[spark-network-common_2.11-2.3.1.jar:2.3.1]
	at org.apache.spark.network.server.TransportServer.<init>(TransportServer.java:73) ~[spark-network-common_2.11-2.3.1.jar:2.3.1]
	at org.apache.spark.network.TransportContext.createServer(TransportContext.java:114) ~[spark-network-common_2.11-2.3.1.jar:2.3.1]
	at org.apache.spark.rpc.netty.NettyRpcEnv.startServer(NettyRpcEnv.scala:119) ~[spark-core_2.11-2.3.1.jar:2.3.1]
	at org.apache.spark.rpc.netty.NettyRpcEnvFactory$$anonfun$4.apply(NettyRpcEnv.scala:465) ~[spark-core_2.11-2.3.1.jar:2.3.1]
	at org.apache.spark.rpc.netty.NettyRpcEnvFactory$$anonfun$4.apply(NettyRpcEnv.scala:464) ~[spark-core_2.11-2.3.1.jar:2.3.1]
	at org.apache.spark.util.Utils$$anonfun$startServiceOnPort$1.apply$mcVI$sp(Utils.scala:2274) ~[spark-core_2.11-2.3.1.jar:2.3.1]
	at scala.collection.immutable.Range.foreach$mVc$sp(Range.scala:160) ~[scala-library-2.11.12.jar:?]
	at org.apache.spark.util.Utils$.startServiceOnPort(Utils.scala:2266) ~[spark-core_2.11-2.3.1.jar:2.3.1]
	at org.apache.spark.rpc.netty.NettyRpcEnvFactory.create(NettyRpcEnv.scala:469) ~[spark-core_2.11-2.3.1.jar:2.3.1]
	at org.apache.spark.rpc.RpcEnv$.create(RpcEnv.scala:57) ~[spark-core_2.11-2.3.1.jar:2.3.1]
	at org.apache.spark.SparkEnv$.create(SparkEnv.scala:249) ~[spark-core_2.11-2.3.1.jar:2.3.1]
	at org.apache.spark.SparkEnv$.createDriverEnv(SparkEnv.scala:175) ~[spark-core_2.11-2.3.1.jar:2.3.1]
	at org.apache.spark.SparkContext.createSparkEnv(SparkContext.scala:256) ~[spark-core_2.11-2.3.1.jar:2.3.1]
	at org.apache.spark.SparkContext.<init>(SparkContext.scala:423) ~[spark-core_2.11-2.3.1.jar:2.3.1]
	at com.kayn.task.DataCleanTask$.dataClean(DataCleanTask.scala:139) ~[classes/:?]
	at com.kayn.task.DataCleanTask.dataClean(DataCleanTask.scala) ~[classes/:?]
	at com.kayn.KaynApplicationTests.dataClean(KaynApplicationTests.java:13) ~[test-classes/:?]
	at sun.reflect.NativeMethodAccessorImpl.invoke0(Native Method) ~[?:1.8.0_201]
	at sun.reflect.NativeMethodAccessorImpl.invoke(NativeMethodAccessorImpl.java:62) ~[?:1.8.0_201]
	at sun.reflect.DelegatingMethodAccessorImpl.invoke(DelegatingMethodAccessorImpl.java:43) ~[?:1.8.0_201]
	at java.lang.reflect.Method.invoke(Method.java:498) ~[?:1.8.0_201]
	at org.junit.platform.commons.util.ReflectionUtils.invokeMethod(ReflectionUtils.java:688) ~[junit-platform-commons-1.7.1.jar:1.7.1]
	at org.junit.jupiter.engine.execution.MethodInvocation.proceed(MethodInvocation.java:60) ~[junit-jupiter-engine-5.7.1.jar:5.7.1]
	at org.junit.jupiter.engine.execution.InvocationInterceptorChain$ValidatingInvocation.proceed(InvocationInterceptorChain.java:131) ~[junit-jupiter-engine-5.7.1.jar:5.7.1]
	at org.junit.jupiter.engine.extension.TimeoutExtension.intercept(TimeoutExtension.java:149) ~[junit-jupiter-engine-5.7.1.jar:5.7.1]
	at org.junit.jupiter.engine.extension.TimeoutExtension.interceptTestableMethod(TimeoutExtension.java:140) ~[junit-jupiter-engine-5.7.1.jar:5.7.1]
	at org.junit.jupiter.engine.extension.TimeoutExtension.interceptTestMethod(TimeoutExtension.java:84) ~[junit-jupiter-engine-5.7.1.jar:5.7.1]
	at org.junit.jupiter.engine.execution.ExecutableInvoker$ReflectiveInterceptorCall.lambda$ofVoidMethod$0(ExecutableInvoker.java:115) ~[junit-jupiter-engine-5.7.1.jar:5.7.1]
	at org.junit.jupiter.engine.execution.ExecutableInvoker.lambda$invoke$0(ExecutableInvoker.java:105) ~[junit-jupiter-engine-5.7.1.jar:5.7.1]
	at org.junit.jupiter.engine.execution.InvocationInterceptorChain$InterceptedInvocation.proceed(InvocationInterceptorChain.java:106) ~[junit-jupiter-engine-5.7.1.jar:5.7.1]
	at org.junit.jupiter.engine.execution.InvocationInterceptorChain.proceed(InvocationInterceptorChain.java:64) ~[junit-jupiter-engine-5.7.1.jar:5.7.1]
	at org.junit.jupiter.engine.execution.InvocationInterceptorChain.chainAndInvoke(InvocationInterceptorChain.java:45) ~[junit-jupiter-engine-5.7.1.jar:5.7.1]
	at org.junit.jupiter.engine.execution.InvocationInterceptorChain.invoke(InvocationInterceptorChain.java:37) ~[junit-jupiter-engine-5.7.1.jar:5.7.1]
	at org.junit.jupiter.engine.execution.ExecutableInvoker.invoke(ExecutableInvoker.java:104) ~[junit-jupiter-engine-5.7.1.jar:5.7.1]
	at org.junit.jupiter.engine.execution.ExecutableInvoker.invoke(ExecutableInvoker.java:98) ~[junit-jupiter-engine-5.7.1.jar:5.7.1]
	at org.junit.jupiter.engine.descriptor.TestMethodTestDescriptor.lambda$invokeTestMethod$6(TestMethodTestDescriptor.java:210) ~[junit-jupiter-engine-5.7.1.jar:5.7.1]
	at org.junit.platform.engine.support.hierarchical.ThrowableCollector.execute(ThrowableCollector.java:73) ~[junit-platform-engine-1.7.1.jar:1.7.1]
	at org.junit.jupiter.engine.descriptor.TestMethodTestDescriptor.invokeTestMethod(TestMethodTestDescriptor.java:206) ~[junit-jupiter-engine-5.7.1.jar:5.7.1]
	at org.junit.jupiter.engine.descriptor.TestMethodTestDescriptor.execute(TestMethodTestDescriptor.java:131) ~[junit-jupiter-engine-5.7.1.jar:5.7.1]
	at org.junit.jupiter.engine.descriptor.TestMethodTestDescriptor.execute(TestMethodTestDescriptor.java:65) ~[junit-jupiter-engine-5.7.1.jar:5.7.1]
	at org.junit.platform.engine.support.hierarchical.NodeTestTask.lambda$executeRecursively$5(NodeTestTask.java:139) ~[junit-platform-engine-1.7.1.jar:1.7.1]
	at org.junit.platform.engine.support.hierarchical.ThrowableCollector.execute(ThrowableCollector.java:73) ~[junit-platform-engine-1.7.1.jar:1.7.1]
	at org.junit.platform.engine.support.hierarchical.NodeTestTask.lambda$executeRecursively$7(NodeTestTask.java:129) ~[junit-platform-engine-1.7.1.jar:1.7.1]
	at org.junit.platform.engine.support.hierarchical.Node.around(Node.java:137) ~[junit-platform-engine-1.7.1.jar:1.7.1]
	at org.junit.platform.engine.support.hierarchical.NodeTestTask.lambda$executeRecursively$8(NodeTestTask.java:127) ~[junit-platform-engine-1.7.1.jar:1.7.1]
	at org.junit.platform.engine.support.hierarchical.ThrowableCollector.execute(ThrowableCollector.java:73) ~[junit-platform-engine-1.7.1.jar:1.7.1]
	at org.junit.platform.engine.support.hierarchical.NodeTestTask.executeRecursively(NodeTestTask.java:126) ~[junit-platform-engine-1.7.1.jar:1.7.1]
	at org.junit.platform.engine.support.hierarchical.NodeTestTask.execute(NodeTestTask.java:84) ~[junit-platform-engine-1.7.1.jar:1.7.1]
	at java.util.ArrayList.forEach(ArrayList.java:1257) ~[?:1.8.0_201]
	at org.junit.platform.engine.support.hierarchical.SameThreadHierarchicalTestExecutorService.invokeAll(SameThreadHierarchicalTestExecutorService.java:38) ~[junit-platform-engine-1.7.1.jar:1.7.1]
	at org.junit.platform.engine.support.hierarchical.NodeTestTask.lambda$executeRecursively$5(NodeTestTask.java:143) ~[junit-platform-engine-1.7.1.jar:1.7.1]
	at org.junit.platform.engine.support.hierarchical.ThrowableCollector.execute(ThrowableCollector.java:73) ~[junit-platform-engine-1.7.1.jar:1.7.1]
	at org.junit.platform.engine.support.hierarchical.NodeTestTask.lambda$executeRecursively$7(NodeTestTask.java:129) ~[junit-platform-engine-1.7.1.jar:1.7.1]
	at org.junit.platform.engine.support.hierarchical.Node.around(Node.java:137) ~[junit-platform-engine-1.7.1.jar:1.7.1]
	at org.junit.platform.engine.support.hierarchical.NodeTestTask.lambda$executeRecursively$8(NodeTestTask.java:127) ~[junit-platform-engine-1.7.1.jar:1.7.1]
	at org.junit.platform.engine.support.hierarchical.ThrowableCollector.execute(ThrowableCollector.java:73) ~[junit-platform-engine-1.7.1.jar:1.7.1]
	at org.junit.platform.engine.support.hierarchical.NodeTestTask.executeRecursively(NodeTestTask.java:126) ~[junit-platform-engine-1.7.1.jar:1.7.1]
	at org.junit.platform.engine.support.hierarchical.NodeTestTask.execute(NodeTestTask.java:84) ~[junit-platform-engine-1.7.1.jar:1.7.1]
	at java.util.ArrayList.forEach(ArrayList.java:1257) ~[?:1.8.0_201]
	at org.junit.platform.engine.support.hierarchical.SameThreadHierarchicalTestExecutorService.invokeAll(SameThreadHierarchicalTestExecutorService.java:38) ~[junit-platform-engine-1.7.1.jar:1.7.1]
	at org.junit.platform.engine.support.hierarchical.NodeTestTask.lambda$executeRecursively$5(NodeTestTask.java:143) ~[junit-platform-engine-1.7.1.jar:1.7.1]
	at org.junit.platform.engine.support.hierarchical.ThrowableCollector.execute(ThrowableCollector.java:73) ~[junit-platform-engine-1.7.1.jar:1.7.1]
	at org.junit.platform.engine.support.hierarchical.NodeTestTask.lambda$executeRecursively$7(NodeTestTask.java:129) ~[junit-platform-engine-1.7.1.jar:1.7.1]
	at org.junit.platform.engine.support.hierarchical.Node.around(Node.java:137) ~[junit-platform-engine-1.7.1.jar:1.7.1]
	at org.junit.platform.engine.support.hierarchical.NodeTestTask.lambda$executeRecursively$8(NodeTestTask.java:127) ~[junit-platform-engine-1.7.1.jar:1.7.1]
	at org.junit.platform.engine.support.hierarchical.ThrowableCollector.execute(ThrowableCollector.java:73) ~[junit-platform-engine-1.7.1.jar:1.7.1]
	at org.junit.platform.engine.support.hierarchical.NodeTestTask.executeRecursively(NodeTestTask.java:126) ~[junit-platform-engine-1.7.1.jar:1.7.1]
	at org.junit.platform.engine.support.hierarchical.NodeTestTask.execute(NodeTestTask.java:84) ~[junit-platform-engine-1.7.1.jar:1.7.1]
	at org.junit.platform.engine.support.hierarchical.SameThreadHierarchicalTestExecutorService.submit(SameThreadHierarchicalTestExecutorService.java:32) ~[junit-platform-engine-1.7.1.jar:1.7.1]
	at org.junit.platform.engine.support.hierarchical.HierarchicalTestExecutor.execute(HierarchicalTestExecutor.java:57) ~[junit-platform-engine-1.7.1.jar:1.7.1]
	at org.junit.platform.engine.support.hierarchical.HierarchicalTestEngine.execute(HierarchicalTestEngine.java:51) ~[junit-platform-engine-1.7.1.jar:1.7.1]
	at org.junit.platform.launcher.core.EngineExecutionOrchestrator.execute(EngineExecutionOrchestrator.java:108) ~[junit-platform-launcher-1.7.1.jar:1.7.1]
	at org.junit.platform.launcher.core.EngineExecutionOrchestrator.execute(EngineExecutionOrchestrator.java:88) ~[junit-platform-launcher-1.7.1.jar:1.7.1]
	at org.junit.platform.launcher.core.EngineExecutionOrchestrator.lambda$execute$0(EngineExecutionOrchestrator.java:54) ~[junit-platform-launcher-1.7.1.jar:1.7.1]
	at org.junit.platform.launcher.core.EngineExecutionOrchestrator.withInterceptedStreams(EngineExecutionOrchestrator.java:67) [junit-platform-launcher-1.7.1.jar:1.7.1]
	at org.junit.platform.launcher.core.EngineExecutionOrchestrator.execute(EngineExecutionOrchestrator.java:52) [junit-platform-launcher-1.7.1.jar:1.7.1]
	at org.junit.platform.launcher.core.DefaultLauncher.execute(DefaultLauncher.java:96) [junit-platform-launcher-1.7.1.jar:1.7.1]
	at org.junit.platform.launcher.core.DefaultLauncher.execute(DefaultLauncher.java:75) [junit-platform-launcher-1.7.1.jar:1.7.1]
	at com.intellij.junit5.JUnit5IdeaTestRunner.startRunnerWithArgs(JUnit5IdeaTestRunner.java:71) [junit5-rt.jar:?]
	at com.intellij.rt.junit.IdeaTestRunner$Repeater.startRunnerWithArgs(IdeaTestRunner.java:33) [junit-rt.jar:?]
	at com.intellij.rt.junit.JUnitStarter.prepareStreamsAndStart(JUnitStarter.java:220) [junit-rt.jar:?]
	at com.intellij.rt.junit.JUnitStarter.main(JUnitStarter.java:53) [junit-rt.jar:?]
Caused by: java.lang.NoSuchFieldException: DEFAULT_TINY_CACHE_SIZE
	at java.lang.Class.getDeclaredField(Class.java:2070) ~[?:1.8.0_201]
	at org.apache.spark.network.util.NettyUtils.getPrivateStaticField(NettyUtils.java:127) ~[spark-network-common_2.11-2.3.1.jar:2.3.1]
	... 84 more
21-04-18 11:07:39.620 [main] INFO  org.apache.spark.SparkContext - Successfully stopped SparkContext
21-04-18 11:07:39.658 [SpringContextShutdownHook] INFO  org.springframework.scheduling.concurrent.ThreadPoolTaskExecutor - Shutting down ExecutorService 'applicationTaskExecutor'
21-04-18 11:09:01.373 [kafka-producer-network-thread | producer-1] INFO  org.apache.kafka.clients.Metadata - [Producer clientId=producer-1] Cluster ID: 8IHW5aGzRi-g1zTpcBo8bg
21-04-18 11:09:00.900 [main] INFO  com.kayn.KaynApplicationTests - Starting KaynApplicationTests using Java 1.8.0_201 on DESKTOP-T20LVA9 with PID 20372 (started by Slimshady in P:\Kayn\kayn\kayn-web)
21-04-18 11:09:01.434 [main] INFO  com.kayn.KaynApplicationTests - No active profile set, falling back to default profiles: default
21-04-18 11:09:05.179 [main] INFO  org.springframework.security.web.DefaultSecurityFilterChain - Will secure any request with [org.springframework.security.web.context.request.async.WebAsyncManagerIntegrationFilter@a90e2c1, org.springframework.security.web.context.SecurityContextPersistenceFilter@21a46ff1, org.springframework.security.web.header.HeaderWriterFilter@17222c11, org.springframework.security.web.authentication.logout.LogoutFilter@74c9e11, com.kayn.auth.JWTAuthenticationFilter@89caf47, com.kayn.auth.JWTAuthorizationFilter@370ef50b, org.springframework.security.web.savedrequest.RequestCacheAwareFilter@6bcae9, org.springframework.security.web.servletapi.SecurityContextHolderAwareRequestFilter@7e3236d, org.springframework.security.web.authentication.AnonymousAuthenticationFilter@2b877a54, org.springframework.security.web.session.SessionManagementFilter@1f15e689, org.springframework.security.web.access.ExceptionTranslationFilter@6d293993, org.springframework.security.web.access.intercept.FilterSecurityInterceptor@790d8fdd]
21-04-18 11:09:05.829 [main] INFO  org.springframework.scheduling.concurrent.ThreadPoolTaskExecutor - Initializing ExecutorService 'applicationTaskExecutor'
21-04-18 11:09:06.765 [main] INFO  com.kayn.KaynApplicationTests - Started KaynApplicationTests in 7.495 seconds (JVM running for 10.456)
21-04-18 11:09:07.636 [main] INFO  org.apache.spark.SparkContext - Running Spark version 2.3.1
21-04-18 11:09:07.833 [main] WARN  org.apache.hadoop.util.NativeCodeLoader - Unable to load native-hadoop library for your platform... using builtin-java classes where applicable
21-04-18 11:09:07.969 [main] INFO  org.apache.spark.SparkContext - Submitted application: ES2Spark
21-04-18 11:09:08.058 [main] INFO  org.apache.spark.SecurityManager - Changing view acls to: Slimshady
21-04-18 11:09:08.061 [main] INFO  org.apache.spark.SecurityManager - Changing modify acls to: Slimshady
21-04-18 11:09:08.064 [main] INFO  org.apache.spark.SecurityManager - Changing view acls groups to: 
21-04-18 11:09:08.068 [main] INFO  org.apache.spark.SecurityManager - Changing modify acls groups to: 
21-04-18 11:09:08.071 [main] INFO  org.apache.spark.SecurityManager - SecurityManager: authentication disabled; ui acls disabled; users  with view permissions: Set(Slimshady); groups with view permissions: Set(); users  with modify permissions: Set(Slimshady); groups with modify permissions: Set()
21-04-18 11:09:08.445 [main] ERROR org.apache.spark.SparkContext - Error initializing SparkContext.
java.lang.RuntimeException: java.lang.NoSuchFieldException: DEFAULT_TINY_CACHE_SIZE
	at org.apache.spark.network.util.NettyUtils.getPrivateStaticField(NettyUtils.java:131) ~[spark-network-common_2.11-2.3.1.jar:2.3.1]
	at org.apache.spark.network.util.NettyUtils.createPooledByteBufAllocator(NettyUtils.java:118) ~[spark-network-common_2.11-2.3.1.jar:2.3.1]
	at org.apache.spark.network.server.TransportServer.init(TransportServer.java:94) ~[spark-network-common_2.11-2.3.1.jar:2.3.1]
	at org.apache.spark.network.server.TransportServer.<init>(TransportServer.java:73) ~[spark-network-common_2.11-2.3.1.jar:2.3.1]
	at org.apache.spark.network.TransportContext.createServer(TransportContext.java:114) ~[spark-network-common_2.11-2.3.1.jar:2.3.1]
	at org.apache.spark.rpc.netty.NettyRpcEnv.startServer(NettyRpcEnv.scala:119) ~[spark-core_2.11-2.3.1.jar:2.3.1]
	at org.apache.spark.rpc.netty.NettyRpcEnvFactory$$anonfun$4.apply(NettyRpcEnv.scala:465) ~[spark-core_2.11-2.3.1.jar:2.3.1]
	at org.apache.spark.rpc.netty.NettyRpcEnvFactory$$anonfun$4.apply(NettyRpcEnv.scala:464) ~[spark-core_2.11-2.3.1.jar:2.3.1]
	at org.apache.spark.util.Utils$$anonfun$startServiceOnPort$1.apply$mcVI$sp(Utils.scala:2274) ~[spark-core_2.11-2.3.1.jar:2.3.1]
	at scala.collection.immutable.Range.foreach$mVc$sp(Range.scala:160) ~[scala-library-2.11.12.jar:?]
	at org.apache.spark.util.Utils$.startServiceOnPort(Utils.scala:2266) ~[spark-core_2.11-2.3.1.jar:2.3.1]
	at org.apache.spark.rpc.netty.NettyRpcEnvFactory.create(NettyRpcEnv.scala:469) ~[spark-core_2.11-2.3.1.jar:2.3.1]
	at org.apache.spark.rpc.RpcEnv$.create(RpcEnv.scala:57) ~[spark-core_2.11-2.3.1.jar:2.3.1]
	at org.apache.spark.SparkEnv$.create(SparkEnv.scala:249) ~[spark-core_2.11-2.3.1.jar:2.3.1]
	at org.apache.spark.SparkEnv$.createDriverEnv(SparkEnv.scala:175) ~[spark-core_2.11-2.3.1.jar:2.3.1]
	at org.apache.spark.SparkContext.createSparkEnv(SparkContext.scala:256) ~[spark-core_2.11-2.3.1.jar:2.3.1]
	at org.apache.spark.SparkContext.<init>(SparkContext.scala:423) ~[spark-core_2.11-2.3.1.jar:2.3.1]
	at com.kayn.task.DataCleanTask$.dataClean(DataCleanTask.scala:140) ~[classes/:?]
	at com.kayn.task.DataCleanTask.dataClean(DataCleanTask.scala) ~[classes/:?]
	at com.kayn.KaynApplicationTests.dataClean(KaynApplicationTests.java:13) ~[test-classes/:?]
	at sun.reflect.NativeMethodAccessorImpl.invoke0(Native Method) ~[?:1.8.0_201]
	at sun.reflect.NativeMethodAccessorImpl.invoke(NativeMethodAccessorImpl.java:62) ~[?:1.8.0_201]
	at sun.reflect.DelegatingMethodAccessorImpl.invoke(DelegatingMethodAccessorImpl.java:43) ~[?:1.8.0_201]
	at java.lang.reflect.Method.invoke(Method.java:498) ~[?:1.8.0_201]
	at org.junit.platform.commons.util.ReflectionUtils.invokeMethod(ReflectionUtils.java:688) ~[junit-platform-commons-1.7.1.jar:1.7.1]
	at org.junit.jupiter.engine.execution.MethodInvocation.proceed(MethodInvocation.java:60) ~[junit-jupiter-engine-5.7.1.jar:5.7.1]
	at org.junit.jupiter.engine.execution.InvocationInterceptorChain$ValidatingInvocation.proceed(InvocationInterceptorChain.java:131) ~[junit-jupiter-engine-5.7.1.jar:5.7.1]
	at org.junit.jupiter.engine.extension.TimeoutExtension.intercept(TimeoutExtension.java:149) ~[junit-jupiter-engine-5.7.1.jar:5.7.1]
	at org.junit.jupiter.engine.extension.TimeoutExtension.interceptTestableMethod(TimeoutExtension.java:140) ~[junit-jupiter-engine-5.7.1.jar:5.7.1]
	at org.junit.jupiter.engine.extension.TimeoutExtension.interceptTestMethod(TimeoutExtension.java:84) ~[junit-jupiter-engine-5.7.1.jar:5.7.1]
	at org.junit.jupiter.engine.execution.ExecutableInvoker$ReflectiveInterceptorCall.lambda$ofVoidMethod$0(ExecutableInvoker.java:115) ~[junit-jupiter-engine-5.7.1.jar:5.7.1]
	at org.junit.jupiter.engine.execution.ExecutableInvoker.lambda$invoke$0(ExecutableInvoker.java:105) ~[junit-jupiter-engine-5.7.1.jar:5.7.1]
	at org.junit.jupiter.engine.execution.InvocationInterceptorChain$InterceptedInvocation.proceed(InvocationInterceptorChain.java:106) ~[junit-jupiter-engine-5.7.1.jar:5.7.1]
	at org.junit.jupiter.engine.execution.InvocationInterceptorChain.proceed(InvocationInterceptorChain.java:64) ~[junit-jupiter-engine-5.7.1.jar:5.7.1]
	at org.junit.jupiter.engine.execution.InvocationInterceptorChain.chainAndInvoke(InvocationInterceptorChain.java:45) ~[junit-jupiter-engine-5.7.1.jar:5.7.1]
	at org.junit.jupiter.engine.execution.InvocationInterceptorChain.invoke(InvocationInterceptorChain.java:37) ~[junit-jupiter-engine-5.7.1.jar:5.7.1]
	at org.junit.jupiter.engine.execution.ExecutableInvoker.invoke(ExecutableInvoker.java:104) ~[junit-jupiter-engine-5.7.1.jar:5.7.1]
	at org.junit.jupiter.engine.execution.ExecutableInvoker.invoke(ExecutableInvoker.java:98) ~[junit-jupiter-engine-5.7.1.jar:5.7.1]
	at org.junit.jupiter.engine.descriptor.TestMethodTestDescriptor.lambda$invokeTestMethod$6(TestMethodTestDescriptor.java:210) ~[junit-jupiter-engine-5.7.1.jar:5.7.1]
	at org.junit.platform.engine.support.hierarchical.ThrowableCollector.execute(ThrowableCollector.java:73) ~[junit-platform-engine-1.7.1.jar:1.7.1]
	at org.junit.jupiter.engine.descriptor.TestMethodTestDescriptor.invokeTestMethod(TestMethodTestDescriptor.java:206) ~[junit-jupiter-engine-5.7.1.jar:5.7.1]
	at org.junit.jupiter.engine.descriptor.TestMethodTestDescriptor.execute(TestMethodTestDescriptor.java:131) ~[junit-jupiter-engine-5.7.1.jar:5.7.1]
	at org.junit.jupiter.engine.descriptor.TestMethodTestDescriptor.execute(TestMethodTestDescriptor.java:65) ~[junit-jupiter-engine-5.7.1.jar:5.7.1]
	at org.junit.platform.engine.support.hierarchical.NodeTestTask.lambda$executeRecursively$5(NodeTestTask.java:139) ~[junit-platform-engine-1.7.1.jar:1.7.1]
	at org.junit.platform.engine.support.hierarchical.ThrowableCollector.execute(ThrowableCollector.java:73) ~[junit-platform-engine-1.7.1.jar:1.7.1]
	at org.junit.platform.engine.support.hierarchical.NodeTestTask.lambda$executeRecursively$7(NodeTestTask.java:129) ~[junit-platform-engine-1.7.1.jar:1.7.1]
	at org.junit.platform.engine.support.hierarchical.Node.around(Node.java:137) ~[junit-platform-engine-1.7.1.jar:1.7.1]
	at org.junit.platform.engine.support.hierarchical.NodeTestTask.lambda$executeRecursively$8(NodeTestTask.java:127) ~[junit-platform-engine-1.7.1.jar:1.7.1]
	at org.junit.platform.engine.support.hierarchical.ThrowableCollector.execute(ThrowableCollector.java:73) ~[junit-platform-engine-1.7.1.jar:1.7.1]
	at org.junit.platform.engine.support.hierarchical.NodeTestTask.executeRecursively(NodeTestTask.java:126) ~[junit-platform-engine-1.7.1.jar:1.7.1]
	at org.junit.platform.engine.support.hierarchical.NodeTestTask.execute(NodeTestTask.java:84) ~[junit-platform-engine-1.7.1.jar:1.7.1]
	at java.util.ArrayList.forEach(ArrayList.java:1257) ~[?:1.8.0_201]
	at org.junit.platform.engine.support.hierarchical.SameThreadHierarchicalTestExecutorService.invokeAll(SameThreadHierarchicalTestExecutorService.java:38) ~[junit-platform-engine-1.7.1.jar:1.7.1]
	at org.junit.platform.engine.support.hierarchical.NodeTestTask.lambda$executeRecursively$5(NodeTestTask.java:143) ~[junit-platform-engine-1.7.1.jar:1.7.1]
	at org.junit.platform.engine.support.hierarchical.ThrowableCollector.execute(ThrowableCollector.java:73) ~[junit-platform-engine-1.7.1.jar:1.7.1]
	at org.junit.platform.engine.support.hierarchical.NodeTestTask.lambda$executeRecursively$7(NodeTestTask.java:129) ~[junit-platform-engine-1.7.1.jar:1.7.1]
	at org.junit.platform.engine.support.hierarchical.Node.around(Node.java:137) ~[junit-platform-engine-1.7.1.jar:1.7.1]
	at org.junit.platform.engine.support.hierarchical.NodeTestTask.lambda$executeRecursively$8(NodeTestTask.java:127) ~[junit-platform-engine-1.7.1.jar:1.7.1]
	at org.junit.platform.engine.support.hierarchical.ThrowableCollector.execute(ThrowableCollector.java:73) ~[junit-platform-engine-1.7.1.jar:1.7.1]
	at org.junit.platform.engine.support.hierarchical.NodeTestTask.executeRecursively(NodeTestTask.java:126) ~[junit-platform-engine-1.7.1.jar:1.7.1]
	at org.junit.platform.engine.support.hierarchical.NodeTestTask.execute(NodeTestTask.java:84) ~[junit-platform-engine-1.7.1.jar:1.7.1]
	at java.util.ArrayList.forEach(ArrayList.java:1257) ~[?:1.8.0_201]
	at org.junit.platform.engine.support.hierarchical.SameThreadHierarchicalTestExecutorService.invokeAll(SameThreadHierarchicalTestExecutorService.java:38) ~[junit-platform-engine-1.7.1.jar:1.7.1]
	at org.junit.platform.engine.support.hierarchical.NodeTestTask.lambda$executeRecursively$5(NodeTestTask.java:143) ~[junit-platform-engine-1.7.1.jar:1.7.1]
	at org.junit.platform.engine.support.hierarchical.ThrowableCollector.execute(ThrowableCollector.java:73) ~[junit-platform-engine-1.7.1.jar:1.7.1]
	at org.junit.platform.engine.support.hierarchical.NodeTestTask.lambda$executeRecursively$7(NodeTestTask.java:129) ~[junit-platform-engine-1.7.1.jar:1.7.1]
	at org.junit.platform.engine.support.hierarchical.Node.around(Node.java:137) ~[junit-platform-engine-1.7.1.jar:1.7.1]
	at org.junit.platform.engine.support.hierarchical.NodeTestTask.lambda$executeRecursively$8(NodeTestTask.java:127) ~[junit-platform-engine-1.7.1.jar:1.7.1]
	at org.junit.platform.engine.support.hierarchical.ThrowableCollector.execute(ThrowableCollector.java:73) ~[junit-platform-engine-1.7.1.jar:1.7.1]
	at org.junit.platform.engine.support.hierarchical.NodeTestTask.executeRecursively(NodeTestTask.java:126) ~[junit-platform-engine-1.7.1.jar:1.7.1]
	at org.junit.platform.engine.support.hierarchical.NodeTestTask.execute(NodeTestTask.java:84) ~[junit-platform-engine-1.7.1.jar:1.7.1]
	at org.junit.platform.engine.support.hierarchical.SameThreadHierarchicalTestExecutorService.submit(SameThreadHierarchicalTestExecutorService.java:32) ~[junit-platform-engine-1.7.1.jar:1.7.1]
	at org.junit.platform.engine.support.hierarchical.HierarchicalTestExecutor.execute(HierarchicalTestExecutor.java:57) ~[junit-platform-engine-1.7.1.jar:1.7.1]
	at org.junit.platform.engine.support.hierarchical.HierarchicalTestEngine.execute(HierarchicalTestEngine.java:51) ~[junit-platform-engine-1.7.1.jar:1.7.1]
	at org.junit.platform.launcher.core.EngineExecutionOrchestrator.execute(EngineExecutionOrchestrator.java:108) ~[junit-platform-launcher-1.7.1.jar:1.7.1]
	at org.junit.platform.launcher.core.EngineExecutionOrchestrator.execute(EngineExecutionOrchestrator.java:88) ~[junit-platform-launcher-1.7.1.jar:1.7.1]
	at org.junit.platform.launcher.core.EngineExecutionOrchestrator.lambda$execute$0(EngineExecutionOrchestrator.java:54) ~[junit-platform-launcher-1.7.1.jar:1.7.1]
	at org.junit.platform.launcher.core.EngineExecutionOrchestrator.withInterceptedStreams(EngineExecutionOrchestrator.java:67) [junit-platform-launcher-1.7.1.jar:1.7.1]
	at org.junit.platform.launcher.core.EngineExecutionOrchestrator.execute(EngineExecutionOrchestrator.java:52) [junit-platform-launcher-1.7.1.jar:1.7.1]
	at org.junit.platform.launcher.core.DefaultLauncher.execute(DefaultLauncher.java:96) [junit-platform-launcher-1.7.1.jar:1.7.1]
	at org.junit.platform.launcher.core.DefaultLauncher.execute(DefaultLauncher.java:75) [junit-platform-launcher-1.7.1.jar:1.7.1]
	at com.intellij.junit5.JUnit5IdeaTestRunner.startRunnerWithArgs(JUnit5IdeaTestRunner.java:71) [junit5-rt.jar:?]
	at com.intellij.rt.junit.IdeaTestRunner$Repeater.startRunnerWithArgs(IdeaTestRunner.java:33) [junit-rt.jar:?]
	at com.intellij.rt.junit.JUnitStarter.prepareStreamsAndStart(JUnitStarter.java:220) [junit-rt.jar:?]
	at com.intellij.rt.junit.JUnitStarter.main(JUnitStarter.java:53) [junit-rt.jar:?]
Caused by: java.lang.NoSuchFieldException: DEFAULT_TINY_CACHE_SIZE
	at java.lang.Class.getDeclaredField(Class.java:2070) ~[?:1.8.0_201]
	at org.apache.spark.network.util.NettyUtils.getPrivateStaticField(NettyUtils.java:127) ~[spark-network-common_2.11-2.3.1.jar:2.3.1]
	... 84 more
21-04-18 11:09:08.484 [main] INFO  org.apache.spark.SparkContext - Successfully stopped SparkContext
21-04-18 11:09:08.519 [SpringContextShutdownHook] INFO  org.springframework.scheduling.concurrent.ThreadPoolTaskExecutor - Shutting down ExecutorService 'applicationTaskExecutor'
21-04-18 11:59:53.835 [kafka-producer-network-thread | producer-1] INFO  org.apache.kafka.clients.Metadata - [Producer clientId=producer-1] Cluster ID: 8IHW5aGzRi-g1zTpcBo8bg
21-04-18 11:59:53.445 [main] INFO  com.kayn.client.HttpClientTest - Starting HttpClientTest using Java 1.8.0_201 on DESKTOP-T20LVA9 with PID 26612 (started by Slimshady in P:\Kayn\kayn\kayn-web)
21-04-18 11:59:53.885 [main] INFO  com.kayn.client.HttpClientTest - No active profile set, falling back to default profiles: default
21-04-18 11:59:59.109 [main] INFO  org.springframework.security.web.DefaultSecurityFilterChain - Will secure any request with [org.springframework.security.web.context.request.async.WebAsyncManagerIntegrationFilter@34c7232c, org.springframework.security.web.context.SecurityContextPersistenceFilter@3c54ddec, org.springframework.security.web.header.HeaderWriterFilter@261f359f, org.springframework.security.web.authentication.logout.LogoutFilter@3887c7d7, com.kayn.auth.JWTAuthenticationFilter@50ec4bfc, com.kayn.auth.JWTAuthorizationFilter@8b13d91, org.springframework.security.web.savedrequest.RequestCacheAwareFilter@4f114b, org.springframework.security.web.servletapi.SecurityContextHolderAwareRequestFilter@611d0763, org.springframework.security.web.authentication.AnonymousAuthenticationFilter@285a4fe3, org.springframework.security.web.session.SessionManagementFilter@391d1e33, org.springframework.security.web.access.ExceptionTranslationFilter@6aa7e176, org.springframework.security.web.access.intercept.FilterSecurityInterceptor@5c8d58ed]
21-04-18 11:59:59.755 [main] INFO  org.springframework.scheduling.concurrent.ThreadPoolTaskExecutor - Initializing ExecutorService 'applicationTaskExecutor'
21-04-18 12:00:00.723 [main] INFO  com.kayn.client.HttpClientTest - Started HttpClientTest in 8.887 seconds (JVM running for 11.559)
21-04-18 12:00:01.181 [SpringContextShutdownHook] INFO  org.springframework.scheduling.concurrent.ThreadPoolTaskExecutor - Shutting down ExecutorService 'applicationTaskExecutor'
21-04-18 12:11:21.040 [kafka-producer-network-thread | producer-1] INFO  org.apache.kafka.clients.Metadata - [Producer clientId=producer-1] Cluster ID: 8IHW5aGzRi-g1zTpcBo8bg
21-04-18 12:11:20.679 [main] INFO  com.kayn.client.HttpClientTest - Starting HttpClientTest using Java 1.8.0_201 on DESKTOP-T20LVA9 with PID 13444 (started by Slimshady in P:\Kayn\kayn\kayn-web)
21-04-18 12:11:21.094 [main] INFO  com.kayn.client.HttpClientTest - No active profile set, falling back to default profiles: default
21-04-18 12:11:25.313 [main] INFO  org.springframework.security.web.DefaultSecurityFilterChain - Will secure any request with [org.springframework.security.web.context.request.async.WebAsyncManagerIntegrationFilter@34c7232c, org.springframework.security.web.context.SecurityContextPersistenceFilter@3c54ddec, org.springframework.security.web.header.HeaderWriterFilter@261f359f, org.springframework.security.web.authentication.logout.LogoutFilter@3887c7d7, com.kayn.auth.JWTAuthenticationFilter@50ec4bfc, com.kayn.auth.JWTAuthorizationFilter@8b13d91, org.springframework.security.web.savedrequest.RequestCacheAwareFilter@4f114b, org.springframework.security.web.servletapi.SecurityContextHolderAwareRequestFilter@611d0763, org.springframework.security.web.authentication.AnonymousAuthenticationFilter@285a4fe3, org.springframework.security.web.session.SessionManagementFilter@391d1e33, org.springframework.security.web.access.ExceptionTranslationFilter@6aa7e176, org.springframework.security.web.access.intercept.FilterSecurityInterceptor@5c8d58ed]
21-04-18 12:11:25.982 [main] INFO  org.springframework.scheduling.concurrent.ThreadPoolTaskExecutor - Initializing ExecutorService 'applicationTaskExecutor'
21-04-18 12:11:26.947 [main] INFO  com.kayn.client.HttpClientTest - Started HttpClientTest in 7.938 seconds (JVM running for 10.485)
21-04-18 12:11:27.408 [SpringContextShutdownHook] INFO  org.springframework.scheduling.concurrent.ThreadPoolTaskExecutor - Shutting down ExecutorService 'applicationTaskExecutor'
21-04-18 12:12:11.259 [kafka-producer-network-thread | producer-1] INFO  org.apache.kafka.clients.Metadata - [Producer clientId=producer-1] Cluster ID: 8IHW5aGzRi-g1zTpcBo8bg
21-04-18 12:12:10.905 [main] INFO  com.kayn.client.HttpClientTest - Starting HttpClientTest using Java 1.8.0_201 on DESKTOP-T20LVA9 with PID 24628 (started by Slimshady in P:\Kayn\kayn\kayn-web)
21-04-18 12:12:11.306 [main] INFO  com.kayn.client.HttpClientTest - No active profile set, falling back to default profiles: default
21-04-18 12:12:15.414 [main] INFO  org.springframework.security.web.DefaultSecurityFilterChain - Will secure any request with [org.springframework.security.web.context.request.async.WebAsyncManagerIntegrationFilter@367d34c0, org.springframework.security.web.context.SecurityContextPersistenceFilter@5b02a984, org.springframework.security.web.header.HeaderWriterFilter@1118d539, org.springframework.security.web.authentication.logout.LogoutFilter@16cf8438, com.kayn.auth.JWTAuthenticationFilter@4ce25e47, com.kayn.auth.JWTAuthorizationFilter@6380e9e9, org.springframework.security.web.savedrequest.RequestCacheAwareFilter@391d1e33, org.springframework.security.web.servletapi.SecurityContextHolderAwareRequestFilter@3fde2209, org.springframework.security.web.authentication.AnonymousAuthenticationFilter@350da119, org.springframework.security.web.session.SessionManagementFilter@7aded903, org.springframework.security.web.access.ExceptionTranslationFilter@634f58d2, org.springframework.security.web.access.intercept.FilterSecurityInterceptor@437ed416]
21-04-18 12:12:16.053 [main] INFO  org.springframework.scheduling.concurrent.ThreadPoolTaskExecutor - Initializing ExecutorService 'applicationTaskExecutor'
21-04-18 12:12:17.025 [main] INFO  com.kayn.client.HttpClientTest - Started HttpClientTest in 7.657 seconds (JVM running for 9.974)
21-04-18 12:12:17.492 [SpringContextShutdownHook] INFO  org.springframework.scheduling.concurrent.ThreadPoolTaskExecutor - Shutting down ExecutorService 'applicationTaskExecutor'
21-04-18 12:14:29.038 [kafka-producer-network-thread | producer-1] INFO  org.apache.kafka.clients.Metadata - [Producer clientId=producer-1] Cluster ID: 8IHW5aGzRi-g1zTpcBo8bg
21-04-18 12:14:28.656 [main] INFO  com.kayn.client.HttpClientTest - Starting HttpClientTest using Java 1.8.0_201 on DESKTOP-T20LVA9 with PID 12964 (started by Slimshady in P:\Kayn\kayn\kayn-web)
21-04-18 12:14:29.092 [main] INFO  com.kayn.client.HttpClientTest - No active profile set, falling back to default profiles: default
21-04-18 12:14:32.931 [main] INFO  org.springframework.security.web.DefaultSecurityFilterChain - Will secure any request with [org.springframework.security.web.context.request.async.WebAsyncManagerIntegrationFilter@5df6163a, org.springframework.security.web.context.SecurityContextPersistenceFilter@739831a4, org.springframework.security.web.header.HeaderWriterFilter@6bcae9, org.springframework.security.web.authentication.logout.LogoutFilter@11f23203, com.kayn.auth.JWTAuthenticationFilter@2d313c8c, com.kayn.auth.JWTAuthorizationFilter@2df65a56, org.springframework.security.web.savedrequest.RequestCacheAwareFilter@38a4e2b0, org.springframework.security.web.servletapi.SecurityContextHolderAwareRequestFilter@541afb85, org.springframework.security.web.authentication.AnonymousAuthenticationFilter@113f9078, org.springframework.security.web.session.SessionManagementFilter@66d25ba9, org.springframework.security.web.access.ExceptionTranslationFilter@44598ef7, org.springframework.security.web.access.intercept.FilterSecurityInterceptor@559af296]
21-04-18 12:14:33.615 [main] INFO  org.springframework.scheduling.concurrent.ThreadPoolTaskExecutor - Initializing ExecutorService 'applicationTaskExecutor'
21-04-18 12:14:34.643 [main] INFO  com.kayn.client.HttpClientTest - Started HttpClientTest in 7.649 seconds (JVM running for 10.231)
21-04-18 12:14:35.846 [SpringContextShutdownHook] INFO  org.springframework.scheduling.concurrent.ThreadPoolTaskExecutor - Shutting down ExecutorService 'applicationTaskExecutor'
21-04-18 12:16:13.788 [kafka-producer-network-thread | producer-1] INFO  org.apache.kafka.clients.Metadata - [Producer clientId=producer-1] Cluster ID: 8IHW5aGzRi-g1zTpcBo8bg
21-04-18 12:16:13.426 [main] INFO  com.kayn.client.HttpClientTest - Starting HttpClientTest using Java 1.8.0_201 on DESKTOP-T20LVA9 with PID 2000 (started by Slimshady in P:\Kayn\kayn\kayn-web)
21-04-18 12:16:13.837 [main] INFO  com.kayn.client.HttpClientTest - No active profile set, falling back to default profiles: default
21-04-18 12:16:17.313 [main] INFO  org.springframework.security.web.DefaultSecurityFilterChain - Will secure any request with [org.springframework.security.web.context.request.async.WebAsyncManagerIntegrationFilter@2a0ea492, org.springframework.security.web.context.SecurityContextPersistenceFilter@27a6fef2, org.springframework.security.web.header.HeaderWriterFilter@739831a4, org.springframework.security.web.authentication.logout.LogoutFilter@2f95653f, com.kayn.auth.JWTAuthenticationFilter@7e52a26b, com.kayn.auth.JWTAuthorizationFilter@2e56b4d, org.springframework.security.web.savedrequest.RequestCacheAwareFilter@2dba05b1, org.springframework.security.web.servletapi.SecurityContextHolderAwareRequestFilter@44b940a2, org.springframework.security.web.authentication.AnonymousAuthenticationFilter@3f857e08, org.springframework.security.web.session.SessionManagementFilter@14c99bf6, org.springframework.security.web.access.ExceptionTranslationFilter@195113de, org.springframework.security.web.access.intercept.FilterSecurityInterceptor@268c030f]
21-04-18 12:16:17.922 [main] INFO  org.springframework.scheduling.concurrent.ThreadPoolTaskExecutor - Initializing ExecutorService 'applicationTaskExecutor'
21-04-18 12:16:18.936 [main] INFO  com.kayn.client.HttpClientTest - Started HttpClientTest in 7.061 seconds (JVM running for 9.273)
21-04-18 12:16:20.119 [SpringContextShutdownHook] INFO  org.springframework.scheduling.concurrent.ThreadPoolTaskExecutor - Shutting down ExecutorService 'applicationTaskExecutor'
21-04-18 12:18:03.619 [kafka-producer-network-thread | producer-1] INFO  org.apache.kafka.clients.Metadata - [Producer clientId=producer-1] Cluster ID: 8IHW5aGzRi-g1zTpcBo8bg
21-04-18 12:18:03.254 [main] INFO  com.kayn.client.HttpClientTest - Starting HttpClientTest using Java 1.8.0_201 on DESKTOP-T20LVA9 with PID 10264 (started by Slimshady in P:\Kayn\kayn\kayn-web)
21-04-18 12:18:03.673 [main] INFO  com.kayn.client.HttpClientTest - No active profile set, falling back to default profiles: default
21-04-18 12:18:07.118 [main] INFO  org.springframework.security.web.DefaultSecurityFilterChain - Will secure any request with [org.springframework.security.web.context.request.async.WebAsyncManagerIntegrationFilter@5df6163a, org.springframework.security.web.context.SecurityContextPersistenceFilter@739831a4, org.springframework.security.web.header.HeaderWriterFilter@6bcae9, org.springframework.security.web.authentication.logout.LogoutFilter@11f23203, com.kayn.auth.JWTAuthenticationFilter@2d313c8c, com.kayn.auth.JWTAuthorizationFilter@2df65a56, org.springframework.security.web.savedrequest.RequestCacheAwareFilter@38a4e2b0, org.springframework.security.web.servletapi.SecurityContextHolderAwareRequestFilter@541afb85, org.springframework.security.web.authentication.AnonymousAuthenticationFilter@113f9078, org.springframework.security.web.session.SessionManagementFilter@66d25ba9, org.springframework.security.web.access.ExceptionTranslationFilter@44598ef7, org.springframework.security.web.access.intercept.FilterSecurityInterceptor@559af296]
21-04-18 12:18:07.682 [main] INFO  org.springframework.scheduling.concurrent.ThreadPoolTaskExecutor - Initializing ExecutorService 'applicationTaskExecutor'
21-04-18 12:18:08.644 [main] INFO  com.kayn.client.HttpClientTest - Started HttpClientTest in 6.933 seconds (JVM running for 9.325)
21-04-18 12:18:09.811 [SpringContextShutdownHook] INFO  org.springframework.scheduling.concurrent.ThreadPoolTaskExecutor - Shutting down ExecutorService 'applicationTaskExecutor'
21-04-18 12:18:37.878 [kafka-producer-network-thread | producer-1] INFO  org.apache.kafka.clients.Metadata - [Producer clientId=producer-1] Cluster ID: 8IHW5aGzRi-g1zTpcBo8bg
21-04-18 12:18:37.523 [main] INFO  com.kayn.client.HttpClientTest - Starting HttpClientTest using Java 1.8.0_201 on DESKTOP-T20LVA9 with PID 6028 (started by Slimshady in P:\Kayn\kayn\kayn-web)
21-04-18 12:18:37.927 [main] INFO  com.kayn.client.HttpClientTest - No active profile set, falling back to default profiles: default
21-04-18 12:18:41.361 [main] INFO  org.springframework.security.web.DefaultSecurityFilterChain - Will secure any request with [org.springframework.security.web.context.request.async.WebAsyncManagerIntegrationFilter@5df6163a, org.springframework.security.web.context.SecurityContextPersistenceFilter@739831a4, org.springframework.security.web.header.HeaderWriterFilter@6bcae9, org.springframework.security.web.authentication.logout.LogoutFilter@11f23203, com.kayn.auth.JWTAuthenticationFilter@2d313c8c, com.kayn.auth.JWTAuthorizationFilter@2df65a56, org.springframework.security.web.savedrequest.RequestCacheAwareFilter@38a4e2b0, org.springframework.security.web.servletapi.SecurityContextHolderAwareRequestFilter@541afb85, org.springframework.security.web.authentication.AnonymousAuthenticationFilter@113f9078, org.springframework.security.web.session.SessionManagementFilter@66d25ba9, org.springframework.security.web.access.ExceptionTranslationFilter@44598ef7, org.springframework.security.web.access.intercept.FilterSecurityInterceptor@559af296]
21-04-18 12:18:42.010 [main] INFO  org.springframework.scheduling.concurrent.ThreadPoolTaskExecutor - Initializing ExecutorService 'applicationTaskExecutor'
21-04-18 12:18:42.965 [main] INFO  com.kayn.client.HttpClientTest - Started HttpClientTest in 6.992 seconds (JVM running for 9.235)
21-04-18 12:18:44.093 [SpringContextShutdownHook] INFO  org.springframework.scheduling.concurrent.ThreadPoolTaskExecutor - Shutting down ExecutorService 'applicationTaskExecutor'
21-04-18 12:19:50.406 [kafka-producer-network-thread | producer-1] INFO  org.apache.kafka.clients.Metadata - [Producer clientId=producer-1] Cluster ID: 8IHW5aGzRi-g1zTpcBo8bg
21-04-18 12:19:50.043 [main] INFO  com.kayn.client.HttpClientTest - Starting HttpClientTest using Java 1.8.0_201 on DESKTOP-T20LVA9 with PID 17876 (started by Slimshady in P:\Kayn\kayn\kayn-web)
21-04-18 12:19:50.456 [main] INFO  com.kayn.client.HttpClientTest - No active profile set, falling back to default profiles: default
21-04-18 12:19:54.050 [main] INFO  org.springframework.security.web.DefaultSecurityFilterChain - Will secure any request with [org.springframework.security.web.context.request.async.WebAsyncManagerIntegrationFilter@5df6163a, org.springframework.security.web.context.SecurityContextPersistenceFilter@739831a4, org.springframework.security.web.header.HeaderWriterFilter@6bcae9, org.springframework.security.web.authentication.logout.LogoutFilter@11f23203, com.kayn.auth.JWTAuthenticationFilter@2d313c8c, com.kayn.auth.JWTAuthorizationFilter@2df65a56, org.springframework.security.web.savedrequest.RequestCacheAwareFilter@38a4e2b0, org.springframework.security.web.servletapi.SecurityContextHolderAwareRequestFilter@541afb85, org.springframework.security.web.authentication.AnonymousAuthenticationFilter@113f9078, org.springframework.security.web.session.SessionManagementFilter@66d25ba9, org.springframework.security.web.access.ExceptionTranslationFilter@44598ef7, org.springframework.security.web.access.intercept.FilterSecurityInterceptor@559af296]
21-04-18 12:19:54.623 [main] INFO  org.springframework.scheduling.concurrent.ThreadPoolTaskExecutor - Initializing ExecutorService 'applicationTaskExecutor'
21-04-18 12:19:55.662 [main] INFO  com.kayn.client.HttpClientTest - Started HttpClientTest in 7.552 seconds (JVM running for 10.269)
21-04-18 12:19:56.822 [SpringContextShutdownHook] INFO  org.springframework.scheduling.concurrent.ThreadPoolTaskExecutor - Shutting down ExecutorService 'applicationTaskExecutor'
21-04-18 12:22:58.254 [kafka-producer-network-thread | producer-1] INFO  org.apache.kafka.clients.Metadata - [Producer clientId=producer-1] Cluster ID: 8IHW5aGzRi-g1zTpcBo8bg
21-04-18 12:22:57.884 [main] INFO  com.kayn.client.HttpClientTest - Starting HttpClientTest using Java 1.8.0_201 on DESKTOP-T20LVA9 with PID 22692 (started by Slimshady in P:\Kayn\kayn\kayn-web)
21-04-18 12:22:58.304 [main] INFO  com.kayn.client.HttpClientTest - No active profile set, falling back to default profiles: default
21-04-18 12:23:02.601 [main] INFO  org.springframework.security.web.DefaultSecurityFilterChain - Will secure any request with [org.springframework.security.web.context.request.async.WebAsyncManagerIntegrationFilter@34c7232c, org.springframework.security.web.context.SecurityContextPersistenceFilter@3c54ddec, org.springframework.security.web.header.HeaderWriterFilter@2db86a7c, org.springframework.security.web.authentication.logout.LogoutFilter@3887c7d7, com.kayn.auth.JWTAuthenticationFilter@50ec4bfc, com.kayn.auth.JWTAuthorizationFilter@8b13d91, org.springframework.security.web.savedrequest.RequestCacheAwareFilter@4f114b, org.springframework.security.web.servletapi.SecurityContextHolderAwareRequestFilter@611d0763, org.springframework.security.web.authentication.AnonymousAuthenticationFilter@285a4fe3, org.springframework.security.web.session.SessionManagementFilter@391d1e33, org.springframework.security.web.access.ExceptionTranslationFilter@1a1f79ce, org.springframework.security.web.access.intercept.FilterSecurityInterceptor@5c8d58ed]
21-04-18 12:23:03.211 [main] INFO  org.springframework.scheduling.concurrent.ThreadPoolTaskExecutor - Initializing ExecutorService 'applicationTaskExecutor'
21-04-18 12:23:04.343 [main] INFO  com.kayn.client.HttpClientTest - Started HttpClientTest in 8.145 seconds (JVM running for 10.781)
21-04-18 12:23:04.879 [SpringContextShutdownHook] INFO  org.springframework.scheduling.concurrent.ThreadPoolTaskExecutor - Shutting down ExecutorService 'applicationTaskExecutor'
21-04-18 12:23:45.063 [kafka-producer-network-thread | producer-1] INFO  org.apache.kafka.clients.Metadata - [Producer clientId=producer-1] Cluster ID: 8IHW5aGzRi-g1zTpcBo8bg
21-04-18 12:23:44.654 [main] INFO  com.kayn.client.HttpClientTest - Starting HttpClientTest using Java 1.8.0_201 on DESKTOP-T20LVA9 with PID 10036 (started by Slimshady in P:\Kayn\kayn\kayn-web)
21-04-18 12:23:45.127 [main] INFO  com.kayn.client.HttpClientTest - No active profile set, falling back to default profiles: default
21-04-18 12:23:49.201 [main] INFO  org.springframework.security.web.DefaultSecurityFilterChain - Will secure any request with [org.springframework.security.web.context.request.async.WebAsyncManagerIntegrationFilter@6002e944, org.springframework.security.web.context.SecurityContextPersistenceFilter@6f5d0190, org.springframework.security.web.header.HeaderWriterFilter@da4cf09, org.springframework.security.web.authentication.logout.LogoutFilter@59fc6d05, com.kayn.auth.JWTAuthenticationFilter@588545ac, com.kayn.auth.JWTAuthorizationFilter@2b08772d, org.springframework.security.web.savedrequest.RequestCacheAwareFilter@7e34b127, org.springframework.security.web.servletapi.SecurityContextHolderAwareRequestFilter@1f9d4b0e, org.springframework.security.web.authentication.AnonymousAuthenticationFilter@78a8978a, org.springframework.security.web.session.SessionManagementFilter@536b71b4, org.springframework.security.web.access.ExceptionTranslationFilter@38f981b6, org.springframework.security.web.access.intercept.FilterSecurityInterceptor@575cabf0]
21-04-18 12:23:49.738 [main] INFO  org.springframework.scheduling.concurrent.ThreadPoolTaskExecutor - Initializing ExecutorService 'applicationTaskExecutor'
21-04-18 12:23:50.413 [main] INFO  com.kayn.client.HttpClientTest - Started HttpClientTest in 7.348 seconds (JVM running for 9.257)
21-04-18 12:23:50.867 [SpringContextShutdownHook] INFO  org.springframework.scheduling.concurrent.ThreadPoolTaskExecutor - Shutting down ExecutorService 'applicationTaskExecutor'
21-04-18 12:24:57.390 [kafka-producer-network-thread | producer-1] INFO  org.apache.kafka.clients.Metadata - [Producer clientId=producer-1] Cluster ID: 8IHW5aGzRi-g1zTpcBo8bg
21-04-18 12:24:56.929 [main] INFO  com.kayn.client.HttpClientTest - Starting HttpClientTest using Java 1.8.0_201 on DESKTOP-T20LVA9 with PID 16644 (started by Slimshady in P:\Kayn\kayn\kayn-web)
21-04-18 12:24:57.447 [main] INFO  com.kayn.client.HttpClientTest - No active profile set, falling back to default profiles: default
21-04-18 12:25:01.564 [main] INFO  org.springframework.security.web.DefaultSecurityFilterChain - Will secure any request with [org.springframework.security.web.context.request.async.WebAsyncManagerIntegrationFilter@704067c6, org.springframework.security.web.context.SecurityContextPersistenceFilter@789c3057, org.springframework.security.web.header.HeaderWriterFilter@62b09715, org.springframework.security.web.authentication.logout.LogoutFilter@3d40a3b4, com.kayn.auth.JWTAuthenticationFilter@7f4596d0, com.kayn.auth.JWTAuthorizationFilter@6002e944, org.springframework.security.web.savedrequest.RequestCacheAwareFilter@6f5d0190, org.springframework.security.web.servletapi.SecurityContextHolderAwareRequestFilter@4c3de38e, org.springframework.security.web.authentication.AnonymousAuthenticationFilter@588545ac, org.springframework.security.web.session.SessionManagementFilter@1980a3f, org.springframework.security.web.access.ExceptionTranslationFilter@2287395, org.springframework.security.web.access.intercept.FilterSecurityInterceptor@384fda47]
21-04-18 12:25:02.071 [main] INFO  org.springframework.scheduling.concurrent.ThreadPoolTaskExecutor - Initializing ExecutorService 'applicationTaskExecutor'
21-04-18 12:25:02.818 [main] INFO  com.kayn.client.HttpClientTest - Started HttpClientTest in 7.551 seconds (JVM running for 9.34)
21-04-18 12:25:03.198 [SpringContextShutdownHook] INFO  org.springframework.scheduling.concurrent.ThreadPoolTaskExecutor - Shutting down ExecutorService 'applicationTaskExecutor'
21-04-18 12:25:29.502 [kafka-producer-network-thread | producer-1] INFO  org.apache.kafka.clients.Metadata - [Producer clientId=producer-1] Cluster ID: 8IHW5aGzRi-g1zTpcBo8bg
21-04-18 12:25:29.064 [main] INFO  com.kayn.client.HttpClientTest - Starting HttpClientTest using Java 1.8.0_201 on DESKTOP-T20LVA9 with PID 9972 (started by Slimshady in P:\Kayn\kayn\kayn-web)
21-04-18 12:25:29.554 [main] INFO  com.kayn.client.HttpClientTest - No active profile set, falling back to default profiles: default
21-04-18 12:25:33.425 [main] INFO  org.springframework.security.web.DefaultSecurityFilterChain - Will secure any request with [org.springframework.security.web.context.request.async.WebAsyncManagerIntegrationFilter@3663d0ba, org.springframework.security.web.context.SecurityContextPersistenceFilter@61a2aeb7, org.springframework.security.web.header.HeaderWriterFilter@535a518c, org.springframework.security.web.authentication.logout.LogoutFilter@1ca610a0, com.kayn.auth.JWTAuthenticationFilter@575cabf0, com.kayn.auth.JWTAuthorizationFilter@433d9680, org.springframework.security.web.savedrequest.RequestCacheAwareFilter@5f8d9767, org.springframework.security.web.servletapi.SecurityContextHolderAwareRequestFilter@536b71b4, org.springframework.security.web.authentication.AnonymousAuthenticationFilter@566e142, org.springframework.security.web.session.SessionManagementFilter@7bbfc5ff, org.springframework.security.web.access.ExceptionTranslationFilter@61ff6a49, org.springframework.security.web.access.intercept.FilterSecurityInterceptor@2b73bd6b]
21-04-18 12:25:33.999 [main] INFO  org.springframework.scheduling.concurrent.ThreadPoolTaskExecutor - Initializing ExecutorService 'applicationTaskExecutor'
21-04-18 12:25:34.736 [main] INFO  com.kayn.client.HttpClientTest - Started HttpClientTest in 7.23 seconds (JVM running for 9.067)
21-04-18 12:25:35.090 [SpringContextShutdownHook] INFO  org.springframework.scheduling.concurrent.ThreadPoolTaskExecutor - Shutting down ExecutorService 'applicationTaskExecutor'
21-04-18 12:26:02.279 [kafka-producer-network-thread | producer-1] INFO  org.apache.kafka.clients.Metadata - [Producer clientId=producer-1] Cluster ID: 8IHW5aGzRi-g1zTpcBo8bg
21-04-18 12:26:01.868 [main] INFO  com.kayn.client.HttpClientTest - Starting HttpClientTest using Java 1.8.0_201 on DESKTOP-T20LVA9 with PID 15692 (started by Slimshady in P:\Kayn\kayn\kayn-web)
21-04-18 12:26:02.328 [main] INFO  com.kayn.client.HttpClientTest - No active profile set, falling back to default profiles: default
21-04-18 12:26:06.339 [main] INFO  org.springframework.security.web.DefaultSecurityFilterChain - Will secure any request with [org.springframework.security.web.context.request.async.WebAsyncManagerIntegrationFilter@6002e944, org.springframework.security.web.context.SecurityContextPersistenceFilter@6f5d0190, org.springframework.security.web.header.HeaderWriterFilter@da4cf09, org.springframework.security.web.authentication.logout.LogoutFilter@59fc6d05, com.kayn.auth.JWTAuthenticationFilter@588545ac, com.kayn.auth.JWTAuthorizationFilter@2b08772d, org.springframework.security.web.savedrequest.RequestCacheAwareFilter@7e34b127, org.springframework.security.web.servletapi.SecurityContextHolderAwareRequestFilter@1f9d4b0e, org.springframework.security.web.authentication.AnonymousAuthenticationFilter@78a8978a, org.springframework.security.web.session.SessionManagementFilter@536b71b4, org.springframework.security.web.access.ExceptionTranslationFilter@38f981b6, org.springframework.security.web.access.intercept.FilterSecurityInterceptor@575cabf0]
21-04-18 12:26:06.857 [main] INFO  org.springframework.scheduling.concurrent.ThreadPoolTaskExecutor - Initializing ExecutorService 'applicationTaskExecutor'
21-04-18 12:26:07.566 [main] INFO  com.kayn.client.HttpClientTest - Started HttpClientTest in 7.402 seconds (JVM running for 9.242)
21-04-18 12:26:07.961 [SpringContextShutdownHook] INFO  org.springframework.scheduling.concurrent.ThreadPoolTaskExecutor - Shutting down ExecutorService 'applicationTaskExecutor'
21-04-18 12:27:22.786 [kafka-producer-network-thread | producer-1] INFO  org.apache.kafka.clients.Metadata - [Producer clientId=producer-1] Cluster ID: 8IHW5aGzRi-g1zTpcBo8bg
21-04-18 12:27:22.310 [main] INFO  com.kayn.client.HttpClientTest - Starting HttpClientTest using Java 1.8.0_201 on DESKTOP-T20LVA9 with PID 15784 (started by Slimshady in P:\Kayn\kayn\kayn-web)
21-04-18 12:27:22.839 [main] INFO  com.kayn.client.HttpClientTest - No active profile set, falling back to default profiles: default
21-04-18 12:27:27.136 [main] INFO  org.springframework.security.web.DefaultSecurityFilterChain - Will secure any request with [org.springframework.security.web.context.request.async.WebAsyncManagerIntegrationFilter@1bedc703, org.springframework.security.web.context.SecurityContextPersistenceFilter@2287395, org.springframework.security.web.header.HeaderWriterFilter@24043ec5, org.springframework.security.web.authentication.logout.LogoutFilter@4c3de38e, com.kayn.auth.JWTAuthenticationFilter@18d11527, com.kayn.auth.JWTAuthorizationFilter@4998e74b, org.springframework.security.web.savedrequest.RequestCacheAwareFilter@38f981b6, org.springframework.security.web.servletapi.SecurityContextHolderAwareRequestFilter@5f8d9767, org.springframework.security.web.authentication.AnonymousAuthenticationFilter@5d878b25, org.springframework.security.web.session.SessionManagementFilter@3aed69dd, org.springframework.security.web.access.ExceptionTranslationFilter@3fbe503c, org.springframework.security.web.access.intercept.FilterSecurityInterceptor@7c241a9f]
21-04-18 12:27:27.717 [main] INFO  org.springframework.scheduling.concurrent.ThreadPoolTaskExecutor - Initializing ExecutorService 'applicationTaskExecutor'
21-04-18 12:27:28.460 [main] INFO  com.kayn.client.HttpClientTest - Started HttpClientTest in 8.01 seconds (JVM running for 10.033)
21-04-18 12:27:28.899 [SpringContextShutdownHook] INFO  org.springframework.scheduling.concurrent.ThreadPoolTaskExecutor - Shutting down ExecutorService 'applicationTaskExecutor'
21-04-18 12:31:15.643 [kafka-producer-network-thread | producer-1] INFO  org.apache.kafka.clients.Metadata - [Producer clientId=producer-1] Cluster ID: 8IHW5aGzRi-g1zTpcBo8bg
21-04-18 12:31:15.240 [main] INFO  com.kayn.client.HttpClientTest - Starting HttpClientTest using Java 1.8.0_201 on DESKTOP-T20LVA9 with PID 25180 (started by Slimshady in P:\Kayn\kayn\kayn-web)
21-04-18 12:31:15.703 [main] INFO  com.kayn.client.HttpClientTest - No active profile set, falling back to default profiles: default
21-04-18 12:31:19.502 [main] INFO  org.springframework.security.web.DefaultSecurityFilterChain - Will secure any request with [org.springframework.security.web.context.request.async.WebAsyncManagerIntegrationFilter@6f9e08d4, org.springframework.security.web.context.SecurityContextPersistenceFilter@67f63d26, org.springframework.security.web.header.HeaderWriterFilter@64b70f41, org.springframework.security.web.authentication.logout.LogoutFilter@7a1b8a46, com.kayn.auth.JWTAuthenticationFilter@390037e7, com.kayn.auth.JWTAuthorizationFilter@704067c6, org.springframework.security.web.savedrequest.RequestCacheAwareFilter@789c3057, org.springframework.security.web.servletapi.SecurityContextHolderAwareRequestFilter@1e5eb20a, org.springframework.security.web.authentication.AnonymousAuthenticationFilter@7f4596d0, org.springframework.security.web.session.SessionManagementFilter@3e214105, org.springframework.security.web.access.ExceptionTranslationFilter@3f1a9a53, org.springframework.security.web.access.intercept.FilterSecurityInterceptor@5d878b25]
21-04-18 12:31:20.038 [main] INFO  org.springframework.scheduling.concurrent.ThreadPoolTaskExecutor - Initializing ExecutorService 'applicationTaskExecutor'
21-04-18 12:31:20.758 [main] INFO  com.kayn.client.HttpClientTest - Started HttpClientTest in 7.02 seconds (JVM running for 8.697)
21-04-18 12:31:21.140 [SpringContextShutdownHook] INFO  org.springframework.scheduling.concurrent.ThreadPoolTaskExecutor - Shutting down ExecutorService 'applicationTaskExecutor'
21-04-18 12:32:20.272 [kafka-producer-network-thread | producer-1] INFO  org.apache.kafka.clients.Metadata - [Producer clientId=producer-1] Cluster ID: 8IHW5aGzRi-g1zTpcBo8bg
21-04-18 12:32:19.859 [main] INFO  com.kayn.client.HttpClientTest - Starting HttpClientTest using Java 1.8.0_201 on DESKTOP-T20LVA9 with PID 19716 (started by Slimshady in P:\Kayn\kayn\kayn-web)
21-04-18 12:32:20.321 [main] INFO  com.kayn.client.HttpClientTest - No active profile set, falling back to default profiles: default
21-04-18 12:32:24.134 [main] INFO  org.springframework.security.web.DefaultSecurityFilterChain - Will secure any request with [org.springframework.security.web.context.request.async.WebAsyncManagerIntegrationFilter@2da81754, org.springframework.security.web.context.SecurityContextPersistenceFilter@62b09715, org.springframework.security.web.header.HeaderWriterFilter@7a682d35, org.springframework.security.web.authentication.logout.LogoutFilter@1775c4e7, com.kayn.auth.JWTAuthenticationFilter@1f992a3a, com.kayn.auth.JWTAuthorizationFilter@30bf26df, org.springframework.security.web.savedrequest.RequestCacheAwareFilter@da4cf09, org.springframework.security.web.servletapi.SecurityContextHolderAwareRequestFilter@67332b1e, org.springframework.security.web.authentication.AnonymousAuthenticationFilter@261bd7b, org.springframework.security.web.session.SessionManagementFilter@64b70f41, org.springframework.security.web.access.ExceptionTranslationFilter@3e33b52e, org.springframework.security.web.access.intercept.FilterSecurityInterceptor@673e76b3]
21-04-18 12:32:24.627 [main] INFO  org.springframework.scheduling.concurrent.ThreadPoolTaskExecutor - Initializing ExecutorService 'applicationTaskExecutor'
21-04-18 12:32:25.303 [main] INFO  com.kayn.client.HttpClientTest - Started HttpClientTest in 7.079 seconds (JVM running for 8.859)
21-04-18 12:32:25.714 [SpringContextShutdownHook] INFO  org.springframework.scheduling.concurrent.ThreadPoolTaskExecutor - Shutting down ExecutorService 'applicationTaskExecutor'
21-04-18 20:44:58.040 [kafka-producer-network-thread | producer-1] INFO  org.apache.kafka.clients.Metadata - [Producer clientId=producer-1] Cluster ID: 8IHW5aGzRi-g1zTpcBo8bg
21-04-18 20:44:57.558 [main] INFO  com.kayn.service.RecommenderServiceTest - Starting RecommenderServiceTest using Java 1.8.0_201 on DESKTOP-T20LVA9 with PID 12268 (started by Slimshady in P:\Kayn\kayn\kayn-web)
21-04-18 20:44:58.096 [main] INFO  com.kayn.service.RecommenderServiceTest - No active profile set, falling back to default profiles: default
21-04-18 20:45:02.330 [main] INFO  org.springframework.security.web.DefaultSecurityFilterChain - Will secure any request with [org.springframework.security.web.context.request.async.WebAsyncManagerIntegrationFilter@364fd4ae, org.springframework.security.web.context.SecurityContextPersistenceFilter@f5a7226, org.springframework.security.web.header.HeaderWriterFilter@4a070cf0, org.springframework.security.web.authentication.logout.LogoutFilter@445821a6, com.kayn.auth.JWTAuthenticationFilter@245253d8, com.kayn.auth.JWTAuthorizationFilter@12417468, org.springframework.security.web.savedrequest.RequestCacheAwareFilter@6ad1701a, org.springframework.security.web.servletapi.SecurityContextHolderAwareRequestFilter@5707f613, org.springframework.security.web.authentication.AnonymousAuthenticationFilter@459003a0, org.springframework.security.web.session.SessionManagementFilter@1f782c05, org.springframework.security.web.access.ExceptionTranslationFilter@7a2fce12, org.springframework.security.web.access.intercept.FilterSecurityInterceptor@570ba13]
21-04-18 20:45:02.905 [main] INFO  org.springframework.scheduling.concurrent.ThreadPoolTaskExecutor - Initializing ExecutorService 'applicationTaskExecutor'
21-04-18 20:45:04.455 [main] INFO  com.kayn.service.RecommenderServiceTest - Started RecommenderServiceTest in 8.45 seconds (JVM running for 10.93)
21-04-18 20:45:05.027 [main] INFO  com.kayn.client.EsClient - sourceAsMap{timeStamp=1618745803070, preferTel=[{cnt=1, tel=15150006826}, {cnt=3, tel=17851145351}], username=admin}
21-04-18 20:45:05.164 [main] INFO  com.zaxxer.hikari.HikariDataSource - HikariPool-1 - Starting...
21-04-18 20:45:05.476 [main] INFO  com.zaxxer.hikari.HikariDataSource - HikariPool-1 - Start completed.
21-04-18 20:45:05.570 [SpringContextShutdownHook] INFO  org.springframework.scheduling.concurrent.ThreadPoolTaskExecutor - Shutting down ExecutorService 'applicationTaskExecutor'
21-04-18 20:45:05.575 [SpringContextShutdownHook] INFO  com.zaxxer.hikari.HikariDataSource - HikariPool-1 - Shutdown initiated...
21-04-18 20:45:05.589 [SpringContextShutdownHook] INFO  com.zaxxer.hikari.HikariDataSource - HikariPool-1 - Shutdown completed.
21-04-18 20:46:00.262 [kafka-producer-network-thread | producer-1] INFO  org.apache.kafka.clients.Metadata - [Producer clientId=producer-1] Cluster ID: 8IHW5aGzRi-g1zTpcBo8bg
21-04-18 20:45:59.721 [main] INFO  com.kayn.service.RecommenderServiceTest - Starting RecommenderServiceTest using Java 1.8.0_201 on DESKTOP-T20LVA9 with PID 3732 (started by Slimshady in P:\Kayn\kayn\kayn-web)
21-04-18 20:46:00.316 [main] INFO  com.kayn.service.RecommenderServiceTest - No active profile set, falling back to default profiles: default
21-04-18 20:46:04.488 [main] INFO  org.springframework.security.web.DefaultSecurityFilterChain - Will secure any request with [org.springframework.security.web.context.request.async.WebAsyncManagerIntegrationFilter@1a950fdd, org.springframework.security.web.context.SecurityContextPersistenceFilter@4bb1b96b, org.springframework.security.web.header.HeaderWriterFilter@73c48264, org.springframework.security.web.authentication.logout.LogoutFilter@319642db, com.kayn.auth.JWTAuthenticationFilter@77724cbe, com.kayn.auth.JWTAuthorizationFilter@27dc627a, org.springframework.security.web.savedrequest.RequestCacheAwareFilter@1f66d8e1, org.springframework.security.web.servletapi.SecurityContextHolderAwareRequestFilter@764b14b8, org.springframework.security.web.authentication.AnonymousAuthenticationFilter@570ba13, org.springframework.security.web.session.SessionManagementFilter@2dafae61, org.springframework.security.web.access.ExceptionTranslationFilter@316cda31, org.springframework.security.web.access.intercept.FilterSecurityInterceptor@25b38203]
21-04-18 20:46:05.192 [main] INFO  org.springframework.scheduling.concurrent.ThreadPoolTaskExecutor - Initializing ExecutorService 'applicationTaskExecutor'
21-04-18 20:46:06.836 [main] INFO  com.kayn.service.RecommenderServiceTest - Started RecommenderServiceTest in 8.614 seconds (JVM running for 10.985)
21-04-18 20:46:07.462 [main] INFO  com.kayn.client.EsClient - sourceAsMap{timeStamp=1618745804551, preferCat=[{cat=, cnt=5}, {cat=//, cnt=9}, {cat=, cnt=1}, {cat=/, cnt=2}], cnt=4, username=admin}
21-04-18 20:46:07.558 [main] INFO  com.zaxxer.hikari.HikariDataSource - HikariPool-1 - Starting...
21-04-18 20:46:07.841 [main] INFO  com.zaxxer.hikari.HikariDataSource - HikariPool-1 - Start completed.
21-04-18 20:46:07.928 [SpringContextShutdownHook] INFO  org.springframework.scheduling.concurrent.ThreadPoolTaskExecutor - Shutting down ExecutorService 'applicationTaskExecutor'
21-04-18 20:46:07.935 [SpringContextShutdownHook] INFO  com.zaxxer.hikari.HikariDataSource - HikariPool-1 - Shutdown initiated...
21-04-18 20:46:07.948 [SpringContextShutdownHook] INFO  com.zaxxer.hikari.HikariDataSource - HikariPool-1 - Shutdown completed.
21-04-18 20:46:32.956 [kafka-producer-network-thread | producer-1] INFO  org.apache.kafka.clients.Metadata - [Producer clientId=producer-1] Cluster ID: 8IHW5aGzRi-g1zTpcBo8bg
21-04-18 20:46:32.443 [main] INFO  com.kayn.service.RecommenderServiceTest - Starting RecommenderServiceTest using Java 1.8.0_201 on DESKTOP-T20LVA9 with PID 16440 (started by Slimshady in P:\Kayn\kayn\kayn-web)
21-04-18 20:46:33.056 [main] INFO  com.kayn.service.RecommenderServiceTest - No active profile set, falling back to default profiles: default
21-04-18 20:46:37.548 [main] INFO  org.springframework.security.web.DefaultSecurityFilterChain - Will secure any request with [org.springframework.security.web.context.request.async.WebAsyncManagerIntegrationFilter@733fb462, org.springframework.security.web.context.SecurityContextPersistenceFilter@202d9236, org.springframework.security.web.header.HeaderWriterFilter@3421debd, org.springframework.security.web.authentication.logout.LogoutFilter@309dcdf3, com.kayn.auth.JWTAuthenticationFilter@623e0631, com.kayn.auth.JWTAuthorizationFilter@359066bc, org.springframework.security.web.savedrequest.RequestCacheAwareFilter@6d6ac396, org.springframework.security.web.servletapi.SecurityContextHolderAwareRequestFilter@100ad67e, org.springframework.security.web.authentication.AnonymousAuthenticationFilter@385dfb63, org.springframework.security.web.session.SessionManagementFilter@7069f076, org.springframework.security.web.access.ExceptionTranslationFilter@73c48264, org.springframework.security.web.access.intercept.FilterSecurityInterceptor@401c4250]
21-04-18 20:46:38.143 [main] INFO  org.springframework.scheduling.concurrent.ThreadPoolTaskExecutor - Initializing ExecutorService 'applicationTaskExecutor'
21-04-18 20:46:39.599 [main] INFO  com.kayn.service.RecommenderServiceTest - Started RecommenderServiceTest in 8.819 seconds (JVM running for 11.293)
21-04-18 20:46:40.186 [main] INFO  com.kayn.client.EsClient - sourceAsMap{timeStamp=1618745803864, totalPrice=527.0, payOrderCnt=4, username=admin}
21-04-18 20:46:40.308 [main] INFO  com.zaxxer.hikari.HikariDataSource - HikariPool-1 - Starting...
21-04-18 20:46:40.653 [main] INFO  com.zaxxer.hikari.HikariDataSource - HikariPool-1 - Start completed.
21-04-18 20:46:40.762 [SpringContextShutdownHook] INFO  org.springframework.scheduling.concurrent.ThreadPoolTaskExecutor - Shutting down ExecutorService 'applicationTaskExecutor'
21-04-18 20:46:40.773 [SpringContextShutdownHook] INFO  com.zaxxer.hikari.HikariDataSource - HikariPool-1 - Shutdown initiated...
21-04-18 20:46:40.791 [SpringContextShutdownHook] INFO  com.zaxxer.hikari.HikariDataSource - HikariPool-1 - Shutdown completed.
21-04-18 20:47:03.144 [kafka-producer-network-thread | producer-1] INFO  org.apache.kafka.clients.Metadata - [Producer clientId=producer-1] Cluster ID: 8IHW5aGzRi-g1zTpcBo8bg
21-04-18 20:47:02.644 [main] INFO  com.kayn.service.RecommenderServiceTest - Starting RecommenderServiceTest using Java 1.8.0_201 on DESKTOP-T20LVA9 with PID 8060 (started by Slimshady in P:\Kayn\kayn\kayn-web)
21-04-18 20:47:03.204 [main] INFO  com.kayn.service.RecommenderServiceTest - No active profile set, falling back to default profiles: default
21-04-18 20:47:07.545 [main] INFO  org.springframework.security.web.DefaultSecurityFilterChain - Will secure any request with [org.springframework.security.web.context.request.async.WebAsyncManagerIntegrationFilter@12417468, org.springframework.security.web.context.SecurityContextPersistenceFilter@6ad1701a, org.springframework.security.web.header.HeaderWriterFilter@202d9236, org.springframework.security.web.authentication.logout.LogoutFilter@35d26ad2, com.kayn.auth.JWTAuthenticationFilter@459003a0, com.kayn.auth.JWTAuthorizationFilter@d325518, org.springframework.security.web.savedrequest.RequestCacheAwareFilter@22da2fe6, org.springframework.security.web.servletapi.SecurityContextHolderAwareRequestFilter@6367a688, org.springframework.security.web.authentication.AnonymousAuthenticationFilter@3b481bf5, org.springframework.security.web.session.SessionManagementFilter@432af457, org.springframework.security.web.access.ExceptionTranslationFilter@4bb1b96b, org.springframework.security.web.access.intercept.FilterSecurityInterceptor@525b1b70]
21-04-18 20:47:08.138 [main] INFO  org.springframework.scheduling.concurrent.ThreadPoolTaskExecutor - Initializing ExecutorService 'applicationTaskExecutor'
21-04-18 20:47:09.625 [main] INFO  com.kayn.service.RecommenderServiceTest - Started RecommenderServiceTest in 8.563 seconds (JVM running for 10.821)
21-04-18 20:47:10.138 [main] INFO  com.kayn.client.EsClient - sourceAsMap{timeStamp=1618745803864, totalPrice=527.0, payOrderCnt=4, username=admin}
21-04-18 20:47:10.250 [main] INFO  com.zaxxer.hikari.HikariDataSource - HikariPool-1 - Starting...
21-04-18 20:47:10.562 [main] INFO  com.zaxxer.hikari.HikariDataSource - HikariPool-1 - Start completed.
21-04-18 20:47:10.648 [SpringContextShutdownHook] INFO  org.springframework.scheduling.concurrent.ThreadPoolTaskExecutor - Shutting down ExecutorService 'applicationTaskExecutor'
21-04-18 20:47:10.654 [SpringContextShutdownHook] INFO  com.zaxxer.hikari.HikariDataSource - HikariPool-1 - Shutdown initiated...
21-04-18 20:47:10.668 [SpringContextShutdownHook] INFO  com.zaxxer.hikari.HikariDataSource - HikariPool-1 - Shutdown completed.
21-04-18 20:51:51.478 [kafka-producer-network-thread | producer-1] INFO  org.apache.kafka.clients.Metadata - [Producer clientId=producer-1] Cluster ID: 8IHW5aGzRi-g1zTpcBo8bg
21-04-18 20:51:51.031 [main] INFO  com.kayn.service.RecommenderServiceTest - Starting RecommenderServiceTest using Java 1.8.0_201 on DESKTOP-T20LVA9 with PID 24836 (started by Slimshady in P:\Kayn\kayn\kayn-web)
21-04-18 20:51:51.580 [main] INFO  com.kayn.service.RecommenderServiceTest - No active profile set, falling back to default profiles: default
21-04-18 20:51:55.777 [main] INFO  org.springframework.security.web.DefaultSecurityFilterChain - Will secure any request with [org.springframework.security.web.context.request.async.WebAsyncManagerIntegrationFilter@733fb462, org.springframework.security.web.context.SecurityContextPersistenceFilter@202d9236, org.springframework.security.web.header.HeaderWriterFilter@3421debd, org.springframework.security.web.authentication.logout.LogoutFilter@309dcdf3, com.kayn.auth.JWTAuthenticationFilter@623e0631, com.kayn.auth.JWTAuthorizationFilter@359066bc, org.springframework.security.web.savedrequest.RequestCacheAwareFilter@6d6ac396, org.springframework.security.web.servletapi.SecurityContextHolderAwareRequestFilter@100ad67e, org.springframework.security.web.authentication.AnonymousAuthenticationFilter@385dfb63, org.springframework.security.web.session.SessionManagementFilter@7069f076, org.springframework.security.web.access.ExceptionTranslationFilter@73c48264, org.springframework.security.web.access.intercept.FilterSecurityInterceptor@401c4250]
21-04-18 20:51:56.348 [main] INFO  org.springframework.scheduling.concurrent.ThreadPoolTaskExecutor - Initializing ExecutorService 'applicationTaskExecutor'
21-04-18 20:51:57.835 [main] INFO  com.kayn.service.RecommenderServiceTest - Started RecommenderServiceTest in 8.327 seconds (JVM running for 10.43)
21-04-18 20:51:58.397 [main] INFO  com.kayn.client.EsClient - sourceAsMap{timeStamp=1618745803864, totalPrice=527.0, payOrderCnt=4, username=admin}
21-04-18 20:51:58.505 [main] INFO  com.zaxxer.hikari.HikariDataSource - HikariPool-1 - Starting...
21-04-18 20:51:58.800 [main] INFO  com.zaxxer.hikari.HikariDataSource - HikariPool-1 - Start completed.
21-04-18 20:51:58.909 [SpringContextShutdownHook] INFO  org.springframework.scheduling.concurrent.ThreadPoolTaskExecutor - Shutting down ExecutorService 'applicationTaskExecutor'
21-04-18 20:51:58.918 [SpringContextShutdownHook] INFO  com.zaxxer.hikari.HikariDataSource - HikariPool-1 - Shutdown initiated...
21-04-18 20:51:58.938 [SpringContextShutdownHook] INFO  com.zaxxer.hikari.HikariDataSource - HikariPool-1 - Shutdown completed.
21-04-18 20:53:32.874 [kafka-producer-network-thread | producer-1] INFO  org.apache.kafka.clients.Metadata - [Producer clientId=producer-1] Cluster ID: 8IHW5aGzRi-g1zTpcBo8bg
21-04-18 20:53:32.401 [main] INFO  com.kayn.service.RecommenderServiceTest - Starting RecommenderServiceTest using Java 1.8.0_201 on DESKTOP-T20LVA9 with PID 29460 (started by Slimshady in P:\Kayn\kayn\kayn-web)
21-04-18 20:53:32.930 [main] INFO  com.kayn.service.RecommenderServiceTest - No active profile set, falling back to default profiles: default
21-04-18 20:53:37.122 [main] INFO  org.springframework.security.web.DefaultSecurityFilterChain - Will secure any request with [org.springframework.security.web.context.request.async.WebAsyncManagerIntegrationFilter@733fb462, org.springframework.security.web.context.SecurityContextPersistenceFilter@202d9236, org.springframework.security.web.header.HeaderWriterFilter@3421debd, org.springframework.security.web.authentication.logout.LogoutFilter@309dcdf3, com.kayn.auth.JWTAuthenticationFilter@623e0631, com.kayn.auth.JWTAuthorizationFilter@359066bc, org.springframework.security.web.savedrequest.RequestCacheAwareFilter@6d6ac396, org.springframework.security.web.servletapi.SecurityContextHolderAwareRequestFilter@100ad67e, org.springframework.security.web.authentication.AnonymousAuthenticationFilter@385dfb63, org.springframework.security.web.session.SessionManagementFilter@7069f076, org.springframework.security.web.access.ExceptionTranslationFilter@73c48264, org.springframework.security.web.access.intercept.FilterSecurityInterceptor@401c4250]
21-04-18 20:53:37.688 [main] INFO  org.springframework.scheduling.concurrent.ThreadPoolTaskExecutor - Initializing ExecutorService 'applicationTaskExecutor'
21-04-18 20:53:39.065 [main] INFO  com.kayn.service.RecommenderServiceTest - Started RecommenderServiceTest in 8.121 seconds (JVM running for 10.337)
21-04-18 20:53:39.609 [main] INFO  com.kayn.client.EsClient - sourceAsMap{timeStamp=1618745805336, query=[{query=TF, cnt=3}, {query=c, cnt=11}, {query=, cnt=7}, {query=, cnt=10}, {query=, cnt=1}], cnt=5, username=admin}
21-04-18 20:53:39.723 [main] INFO  com.zaxxer.hikari.HikariDataSource - HikariPool-1 - Starting...
21-04-18 20:53:40.006 [main] INFO  com.zaxxer.hikari.HikariDataSource - HikariPool-1 - Start completed.
21-04-18 20:53:40.113 [SpringContextShutdownHook] INFO  org.springframework.scheduling.concurrent.ThreadPoolTaskExecutor - Shutting down ExecutorService 'applicationTaskExecutor'
21-04-18 20:53:40.122 [SpringContextShutdownHook] INFO  com.zaxxer.hikari.HikariDataSource - HikariPool-1 - Shutdown initiated...
21-04-18 20:53:40.137 [SpringContextShutdownHook] INFO  com.zaxxer.hikari.HikariDataSource - HikariPool-1 - Shutdown completed.
